<?xml version="1.0" encoding="UTF-8"?>
<!-- Generated by org.testng.reporters.JUnitReportReporter -->
<testsuite hostname="DESKTOP-Q73G646" failures="0" tests="4" name="framework.f3" time="20.940" errors="0" timestamp="2024-09-12T10:34:07 IST" skipped="0">
  <testcase classname="framework.f3" name="swaglab" time="2.615"/>
  <system-out/>
  <testcase classname="framework.f3" name="swaglab" time="5.633"/>
  <system-out/>
  <testcase classname="framework.f3" name="swaglab" time="10.451"/>
  <system-out/>
  <testcase classname="framework.f3" name="swaglab" time="2.241"/>
  <system-out/>
</testsuite> <!-- framework.f3 -->
