<?xml version="1.0" encoding="UTF-8"?>
<!-- Generated by org.testng.reporters.JUnitReportReporter -->
<testsuite hostname="DESKTOP-Q73G646" failures="0" tests="1" name="framework.f31" time="10.512" errors="0" timestamp="2024-10-17T11:06:58 IST" skipped="0">
  <testcase classname="framework.f31" name="swaglab" time="10.512"/>
  <system-out/>
</testsuite> <!-- framework.f31 -->
