<?xml version="1.0" encoding="UTF-8"?>
<!-- Generated by org.testng.reporters.JUnitReportReporter -->
<testsuite hostname="DESKTOP-Q73G646" failures="0" tests="1" name="framework.f29" time="15.909" errors="0" timestamp="2024-10-08T10:47:39 IST" skipped="0">
  <testcase classname="framework.f29" name="datadriven" time="15.909"/>
  <system-out/>
</testsuite> <!-- framework.f29 -->
