<?xml version="1.0" encoding="UTF-8"?>
<!-- Generated by org.testng.reporters.JUnitReportReporter -->
<testsuite hostname="DESKTOP-Q73G646" failures="0" tests="1" name="framework.f26" time="11.810" errors="0" timestamp="2024-10-05T11:09:30 IST" skipped="0">
  <testcase classname="framework.f26" name="datadriven" time="11.810"/>
  <system-out/>
</testsuite> <!-- framework.f26 -->
