<?xml version="1.0" encoding="UTF-8"?>
<!-- Generated by org.testng.reporters.JUnitReportReporter -->
<testsuite hostname="DESKTOP-Q73G646" failures="0" tests="1" name="framework.f22" time="13.874" errors="0" timestamp="2024-10-03T12:03:20 IST" skipped="0">
  <testcase classname="framework.f22" name="datadriven" time="13.874"/>
  <system-out/>
</testsuite> <!-- framework.f22 -->
