<?xml version="1.0" encoding="UTF-8"?>
<!-- Generated by org.testng.reporters.JUnitReportReporter -->
<testsuite hostname="DESKTOP-Q73G646" failures="0" tests="1" name="framework.f15" time="8.512" errors="0" timestamp="2024-09-17T10:58:28 IST" skipped="0">
  <testcase classname="framework.f15" name="form10" time="8.512"/>
  <system-out/>
</testsuite> <!-- framework.f15 -->
