<?xml version="1.0" encoding="UTF-8"?>
<!-- Generated by org.testng.reporters.JUnitReportReporter -->
<testsuite hostname="DESKTOP-Q73G646" failures="0" tests="1" name="framework.f28" time="17.307" errors="0" timestamp="2024-10-05T12:28:16 IST" skipped="0">
  <testcase classname="framework.f28" name="datadriven" time="17.307"/>
  <system-out/>
</testsuite> <!-- framework.f28 -->
