<?xml version="1.0" encoding="UTF-8"?>
<!-- Generated by org.testng.reporters.JUnitReportReporter -->
<testsuite hostname="DESKTOP-Q73G646" failures="0" tests="1" name="framework.f24" time="2.864" errors="0" timestamp="2024-10-05T10:29:26 IST" skipped="0">
  <testcase classname="framework.f24" name="datadriven" time="2.864"/>
  <system-out/>
</testsuite> <!-- framework.f24 -->
