<?xml version="1.0" encoding="UTF-8"?>
<!-- Generated by org.testng.reporters.JUnitReportReporter -->
<testsuite hostname="DESKTOP-Q73G646" failures="0" tests="1" name="framework.jpet" time="43.578" errors="0" timestamp="2024-09-28T09:46:30 IST" skipped="0">
  <testcase classname="framework.jpet" name="jpet1" time="43.578"/>
  <system-out/>
</testsuite> <!-- framework.jpet -->
