<?xml version="1.0" encoding="UTF-8"?>
<!-- Generated by org.testng.reporters.JUnitReportReporter -->
<testsuite hostname="DESKTOP-Q73G646" failures="0" tests="1" name="framework.f12" time="7.491" errors="0" timestamp="2024-09-20T11:32:57 IST" skipped="0">
  <testcase classname="framework.f12" name="date" time="7.491"/>
  <system-out/>
</testsuite> <!-- framework.f12 -->
