<?xml version="1.0" encoding="UTF-8"?>
<!-- Generated by org.testng.reporters.JUnitReportReporter -->
<testsuite hostname="DESKTOP-Q73G646" failures="0" tests="1" name="framework.f8" time="9.991" errors="0" timestamp="2024-09-20T10:29:05 IST" skipped="0">
  <testcase classname="framework.f8" name="form" time="9.991"/>
  <system-out/>
</testsuite> <!-- framework.f8 -->
