<?xml version="1.0" encoding="UTF-8"?>
<!-- Generated by org.testng.reporters.JUnitReportReporter -->
<testsuite hostname="DESKTOP-Q73G646" failures="0" tests="1" name="framework.f11" time="9.905" errors="0" timestamp="2024-09-17T10:46:52 IST" skipped="0">
  <testcase classname="framework.f11" name="form8" time="9.905"/>
  <system-out/>
</testsuite> <!-- framework.f11 -->
