<?xml version="1.0" encoding="UTF-8"?>
<!-- Generated by org.testng.reporters.JUnitReportReporter -->
<testsuite hostname="DESKTOP-Q73G646" failures="0" tests="1" name="framework.f23" time="4.734" errors="0" timestamp="2024-10-03T11:37:42 IST" skipped="0">
  <testcase classname="framework.f23" name="datadriven" time="4.734"/>
  <system-out/>
</testsuite> <!-- framework.f23 -->
