<?xml version="1.0" encoding="UTF-8"?>
<!-- Generated by org.testng.reporters.JUnitReportReporter -->
<testsuite hostname="DESKTOP-Q73G646" failures="0" tests="1" name="framework.f27" time="10.339" errors="0" timestamp="2024-10-05T11:24:02 IST" skipped="0">
  <testcase classname="framework.f27" name="datadriven" time="10.339"/>
  <system-out/>
</testsuite> <!-- framework.f27 -->
